<?xml version="1.0" encoding="UTF-8"?>
<testsuite xmlns:xsi="http://www.w3.org/2001/XMLSchema-instance" xsi:noNamespaceSchemaLocation="https://maven.apache.org/surefire/maven-surefire-plugin/xsd/surefire-test-report.xsd" name="ua.lviv.iot.pharmacy.managers.PharmacyManagerTest" time="0.195" tests="5" errors="0" skipped="0" failures="0">
  <properties>
[...]
</properties>
  <testcase name="testsortByNameOfGoodByDecrease" classname="ua.lviv.iot.pharmacy.managers.PharmacyManagerTest" time="0.041"/>
  <testcase name="testFindGoodsbyPrice" classname="ua.lviv.iot.pharmacy.managers.PharmacyManagerTest" time="0"/>
  <testcase name="testSortByAmountOfCustomersDayByIncrease" classname="ua.lviv.iot.pharmacy.managers.PharmacyManagerTest" time="0.034"/>
  <testcase name="testSortByAmountOfCustomersDayByDecrease" classname="ua.lviv.iot.pharmacy.managers.PharmacyManagerTest" time="0.066"/>
  <testcase name="testsortByNameOfGoodByIncrease" classname="ua.lviv.iot.pharmacy.managers.PharmacyManagerTest" time="0.048"/>
</testsuite>